<?xml version="1.0" encoding="UTF-8" ?>
<testsuite tests="6" failures="0" name="com.estore.ProductTestCase" time="0.536" errors="0" skipped="6">
  <properties>
[...]
</properties>
  <testcase classname="com.estore.ProductTestCase" name="getProductByID" time="0.088">
    <skipped/>
  </testcase>
  <testcase classname="com.estore.ProductTestCase" name="updateProduct" time="0.088">
    <skipped/>
  </testcase>
  <testcase classname="com.estore.ProductTestCase" name="getProductByName" time="0.088">
    <skipped/>
  </testcase>
  <testcase classname="com.estore.ProductTestCase" name="deleteProduct" time="0.089">
    <skipped/>
  </testcase>
  <testcase classname="com.estore.ProductTestCase" name="getAllProductsTest" time="0.09">
    <skipped/>
  </testcase>
  <testcase classname="com.estore.ProductTestCase" name="addProduct" time="0.093">
    <skipped/>
  </testcase>
</testsuite>